2021-12-27 23:16:05.278  INFO 6656 --- [restartedMain] c.e.a.AddressBookAppApplication          : Starting AddressBookAppApplication using Java 17.0.1 on DESKTOP with PID 6656 (H:\Spring-Projects\Address_BookApp\target\classes started by sayali in H:\Spring-Projects\Address_BookApp)
2021-12-27 23:16:05.311 DEBUG 6656 --- [restartedMain] c.e.a.AddressBookAppApplication          : Running with Spring Boot v2.6.2, Spring v5.3.14
2021-12-27 23:16:05.311  INFO 6656 --- [restartedMain] c.e.a.AddressBookAppApplication          : No active profile set, falling back to default profiles: default
2021-12-27 23:16:07.071  WARN 6656 --- [restartedMain] JpaBaseConfiguration$JpaWebConfiguration : spring.jpa.open-in-view is enabled by default. Therefore, database queries may be performed during view rendering. Explicitly configure spring.jpa.open-in-view to disable this warning
2021-12-27 23:16:07.385  WARN 6656 --- [restartedMain] ion$DefaultTemplateResolverConfiguration : Cannot find template location: classpath:/templates/ (please add some templates or check your Thymeleaf configuration)
2021-12-27 23:16:07.649  INFO 6656 --- [restartedMain] c.e.a.AddressBookAppApplication          : Started AddressBookAppApplication in 2.612 seconds (JVM running for 630.102)
2021-12-27 23:16:09.620  INFO 6656 --- [restartedMain] c.e.a.AddressBookAppApplication          : Starting AddressBookAppApplication using Java 17.0.1 on DESKTOP with PID 6656 (H:\Spring-Projects\Address_BookApp\target\classes started by sayali in H:\Spring-Projects\Address_BookApp)
2021-12-27 23:16:09.621 DEBUG 6656 --- [restartedMain] c.e.a.AddressBookAppApplication          : Running with Spring Boot v2.6.2, Spring v5.3.14
2021-12-27 23:16:09.621  INFO 6656 --- [restartedMain] c.e.a.AddressBookAppApplication          : No active profile set, falling back to default profiles: default
2021-12-27 23:16:12.359  WARN 6656 --- [restartedMain] JpaBaseConfiguration$JpaWebConfiguration : spring.jpa.open-in-view is enabled by default. Therefore, database queries may be performed during view rendering. Explicitly configure spring.jpa.open-in-view to disable this warning
2021-12-27 23:16:12.574  WARN 6656 --- [restartedMain] ion$DefaultTemplateResolverConfiguration : Cannot find template location: classpath:/templates/ (please add some templates or check your Thymeleaf configuration)
2021-12-27 23:16:12.637  INFO 6656 --- [restartedMain] c.e.a.AddressBookAppApplication          : Started AddressBookAppApplication in 3.239 seconds (JVM running for 635.09)
2021-12-27 23:36:55.063  INFO 6656 --- [restartedMain] c.e.a.AddressBookAppApplication          : Starting AddressBookAppApplication using Java 17.0.1 on DESKTOP with PID 6656 (H:\Spring-Projects\Address_BookApp\target\classes started by sayali in H:\Spring-Projects\Address_BookApp)
2021-12-27 23:36:55.126 DEBUG 6656 --- [restartedMain] c.e.a.AddressBookAppApplication          : Running with Spring Boot v2.6.2, Spring v5.3.14
2021-12-27 23:36:55.138  INFO 6656 --- [restartedMain] c.e.a.AddressBookAppApplication          : No active profile set, falling back to default profiles: default
2021-12-27 23:37:59.272  WARN 6656 --- [restartedMain] JpaBaseConfiguration$JpaWebConfiguration : spring.jpa.open-in-view is enabled by default. Therefore, database queries may be performed during view rendering. Explicitly configure spring.jpa.open-in-view to disable this warning
2021-12-27 23:38:01.393  WARN 6656 --- [restartedMain] ion$DefaultTemplateResolverConfiguration : Cannot find template location: classpath:/templates/ (please add some templates or check your Thymeleaf configuration)
2021-12-27 23:38:03.373  INFO 6656 --- [restartedMain] c.e.a.AddressBookAppApplication          : Started AddressBookAppApplication in 95.519 seconds (JVM running for 1945.825)
2021-12-27 23:48:37.476  INFO 6656 --- [restartedMain] c.e.a.AddressBookAppApplication          : Starting AddressBookAppApplication using Java 17.0.1 on DESKTOP with PID 6656 (H:\Spring-Projects\Address_BookApp\target\classes started by sayali in H:\Spring-Projects\Address_BookApp)
2021-12-27 23:48:37.709 DEBUG 6656 --- [restartedMain] c.e.a.AddressBookAppApplication          : Running with Spring Boot v2.6.2, Spring v5.3.14
2021-12-27 23:48:37.732  INFO 6656 --- [restartedMain] c.e.a.AddressBookAppApplication          : No active profile set, falling back to default profiles: default
